
8월 26, 2019 16:31:39.95 NEW SESSION
8월 26, 2019 16:31:39.95 [8132:5792:0826/163139.937:ERROR:browser_process_sub_thread.cc(203)] Waited 105 ms for network service
8월 26, 2019 16:31:39.96 
8월 26, 2019 16:31:39.96 KLIB_SelfTest return : KLR_OK
8월 26, 2019 16:38:53.82 [2304:8776:0826/163853.825:ERROR:browser_process_sub_thread.cc(203)] Waited 46 ms for network service
8월 26, 2019 16:38:53.91 
8월 26, 2019 16:38:53.91 KLIB_SelfTest return : KLR_OK
8월 26, 2019 16:44:19.42 [10008:2848:0826/164419.422:ERROR:browser_process_sub_thread.cc(203)] Waited 98 ms for network service
8월 26, 2019 16:44:19.45 
8월 26, 2019 16:44:19.45 KLIB_SelfTest return : KLR_OK
8월 26, 2019 16:56:52.99 [2896:6428:0826/165652.995:ERROR:browser_process_sub_thread.cc(203)] Waited 66 ms for network service
8월 26, 2019 16:56:53.02 
8월 26, 2019 16:56:53.02 KLIB_SelfTest return : KLR_OK
8월 26, 2019 17:16:33.49 [4060:10072:0826/171633.497:ERROR:browser_process_sub_thread.cc(203)] Waited 45 ms for network service
8월 26, 2019 17:16:33.52 
8월 26, 2019 17:16:33.52 KLIB_SelfTest return : KLR_OK
8월 26, 2019 20:14:21.08 [9768:1068:0826/201421.084:ERROR:browser_process_sub_thread.cc(203)] Waited 141 ms for network service
8월 26, 2019 20:14:21.13 
8월 26, 2019 20:14:21.13 KLIB_SelfTest return : KLR_OK
8월 26, 2019 20:27:12.71 [10032:9592:0826/202712.719:ERROR:browser_process_sub_thread.cc(203)] Waited 215 ms for network service
8월 26, 2019 20:27:12.74 
8월 26, 2019 20:27:12.74 KLIB_SelfTest return : KLR_OK

8월 27, 2019 13:46:33.63 NEW SESSION
8월 27, 2019 13:46:33.63 [3992:8036:0827/134633.564:ERROR:socket_stream.cc(219)] Closing stream with result -2
8월 27, 2019 13:46:44.46 [3992:8036:0827/134644.460:ERROR:socket_stream.cc(219)] Closing stream with result -2
8월 27, 2019 13:46:44.46 [3992:8036:0827/134644.462:ERROR:connection_factory_impl.cc(413)] Failed to connect to MCS endpoint with error -109
8월 27, 2019 18:43:06.18 [3992:8036:0827/184306.185:ERROR:browser_process_sub_thread.cc(203)] Waited 72 ms for network service
8월 27, 2019 18:43:06.19 
8월 27, 2019 18:43:06.19 KLIB_SelfTest return : KLR_OK

8월 28, 2019 14:44:39.11 NEW SESSION
8월 28, 2019 14:44:39.11 [7804:7136:0828/144439.071:ERROR:browser_process_sub_thread.cc(203)] Waited 262 ms for network service
8월 28, 2019 14:44:39.28 
8월 28, 2019 14:44:39.28 KLIB_SelfTest return : KLR_OK
8월 28, 2019 15:46:30.08 [8924:8888:0828/154630.087:ERROR:mcs_client.cc(754)] Received close command, resetting connection.
8월 28, 2019 16:13:07.83 [8924:8888:0828/161307.830:ERROR:browser_process_sub_thread.cc(203)] Waited 52 ms for network service
8월 28, 2019 16:13:07.86 
8월 28, 2019 16:13:07.86 KLIB_SelfTest return : KLR_OK
8월 28, 2019 16:26:04.86 [1464:7616:0828/162604.843:ERROR:browser_process_sub_thread.cc(203)] Waited 26 ms for network service
8월 28, 2019 16:26:04.88 
8월 28, 2019 16:26:04.88 KLIB_SelfTest return : KLR_OK
8월 28, 2019 17:23:11.46 [9416:6516:0828/172311.463:ERROR:socket_stream.cc(219)] Closing stream with result -2
8월 28, 2019 19:08:07.49 [9416:6516:0828/190807.493:ERROR:browser_process_sub_thread.cc(203)] Waited 133 ms for network service
8월 28, 2019 19:08:07.51 
8월 28, 2019 19:08:07.52 KLIB_SelfTest return : KLR_OK

8월 29, 2019 19:11:57.90 NEW SESSION
8월 29, 2019 19:11:57.90 [3304:7920:0829/191157.885:ERROR:browser_process_sub_thread.cc(203)] Waited 148 ms for network service
8월 29, 2019 19:11:57.90 
8월 29, 2019 19:11:57.90 KLIB_SelfTest return : KLR_OK
